<?xml version="1.0" encoding="UTF-8"?>
<!-- Generated by org.testng.reporters.JUnitReportReporter -->
<testsuite hostname="JHEREMMY" failures="0" tests="1" name="RunSignupFromLoginTest" time="12.734" errors="0" timestamp="2024-01-19T20:34:27 CET" skipped="0">
  <testcase classname="RunSignupFromLoginTest" name="runScenario" time="12.734"/>
</testsuite> <!-- RunSignupFromLoginTest -->
