<?xml version="1.0" encoding="UTF-8"?>
<!-- Generated by org.testng.reporters.JUnitReportReporter -->
<testsuite hostname="JHEREMMY" failures="0" tests="1" name="RunLoginTest" time="11.066" errors="0" timestamp="2024-01-19T20:25:34 CET" skipped="0">
  <testcase classname="RunLoginTest" name="runScenario" time="11.066"/>
</testsuite> <!-- RunLoginTest -->
