<?xml version="1.0" encoding="UTF-8"?>
<!-- Generated by org.testng.reporters.JUnitReportReporter -->
<testsuite hostname="JHEREMMY" failures="0" tests="5" name="RunAllTest" time="76.530" errors="0" timestamp="2024-01-19T18:42:14 CET" skipped="0">
  <testcase classname="RunAllTest" name="runScenario" time="2.325"/>
  <testcase classname="RunAllTest" name="runScenario" time="26.509"/>
  <testcase classname="RunAllTest" name="runScenario" time="17.541"/>
  <testcase classname="RunAllTest" name="runScenario" time="15.885"/>
  <testcase classname="RunAllTest" name="runScenario" time="14.270"/>
</testsuite> <!-- RunAllTest -->
